Using pre-set license
Built from '2022.3/staging' branch; Version is '2022.3.16f1 (d2c21f0ef2f1) revision 13812255'; Using compiler version '192829333'; Build Type 'Release'
OS: 'Windows 10  (10.0.19045) 64bit Education' Language: 'en' Physical Memory: 16253 MB
BatchMode: 1, IsHumanControllingUs: 0, StartBugReporterOnCrash: 0, Is64bit: 1, IsPro: 1

COMMAND LINE ARGUMENTS:
C:\Program Files\Unity\Hub\Editor\2022.3.16f1\Editor\Unity.exe
-adb2
-batchMode
-noUpm
-name
AssetImportWorker0
-projectPath
C:/Users/tavi/MovementProj
-logFile
Logs/AssetImportWorker0.log
-srvPort
51461
Successfully changed project path to: C:/Users/tavi/MovementProj
C:/Users/tavi/MovementProj
[UnityMemory] Configuration Parameters - Can be set up in boot.config
    "memorysetup-bucket-allocator-granularity=16"
    "memorysetup-bucket-allocator-bucket-count=8"
    "memorysetup-bucket-allocator-block-size=33554432"
    "memorysetup-bucket-allocator-block-count=8"
    "memorysetup-main-allocator-block-size=16777216"
    "memorysetup-thread-allocator-block-size=16777216"
    "memorysetup-gfx-main-allocator-block-size=16777216"
    "memorysetup-gfx-thread-allocator-block-size=16777216"
    "memorysetup-cache-allocator-block-size=4194304"
    "memorysetup-typetree-allocator-block-size=2097152"
    "memorysetup-profiler-bucket-allocator-granularity=16"
    "memorysetup-profiler-bucket-allocator-bucket-count=8"
    "memorysetup-profiler-bucket-allocator-block-size=33554432"
    "memorysetup-profiler-bucket-allocator-block-count=8"
    "memorysetup-profiler-allocator-block-size=16777216"
    "memorysetup-profiler-editor-allocator-block-size=1048576"
    "memorysetup-temp-allocator-size-main=16777216"
    "memorysetup-job-temp-allocator-block-size=2097152"
    "memorysetup-job-temp-allocator-block-size-background=1048576"
    "memorysetup-job-temp-allocator-reduction-small-platforms=262144"
    "memorysetup-allocator-temp-initial-block-size-main=262144"
    "memorysetup-allocator-temp-initial-block-size-worker=262144"
    "memorysetup-temp-allocator-size-background-worker=32768"
    "memorysetup-temp-allocator-size-job-worker=262144"
    "memorysetup-temp-allocator-size-preload-manager=33554432"
    "memorysetup-temp-allocator-size-nav-mesh-worker=65536"
    "memorysetup-temp-allocator-size-audio-worker=65536"
    "memorysetup-temp-allocator-size-cloud-worker=32768"
    "memorysetup-temp-allocator-size-gi-baking-worker=262144"
    "memorysetup-temp-allocator-size-gfx=262144"
Player connection [26816] Host "[IP] 192.168.0.164 [Port] 0 [Flags] 2 [Guid] 3021125012 [EditorId] 3021125012 [Version] 1048832 [Id] WindowsEditor(7,DESKTOP-E06N3OI) [Debug] 1 [PackageName] WindowsEditor [ProjectName] Editor" joined multi-casting on [225.0.0.222:54997]...

Player connection [26816] Host "[IP] 192.168.0.164 [Port] 0 [Flags] 2 [Guid] 3021125012 [EditorId] 3021125012 [Version] 1048832 [Id] WindowsEditor(7,DESKTOP-E06N3OI) [Debug] 1 [PackageName] WindowsEditor [ProjectName] Editor" joined alternative multi-casting on [225.0.0.222:34997]...

[Physics::Module] Initialized MultithreadedJobDispatcher with 11 workers.
Refreshing native plugins compatible for Editor in 7.77 ms, found 3 plugins.
Preloading 0 native plugins for Editor in 0.00 ms.
Initialize engine version: 2022.3.16f1 (d2c21f0ef2f1)
[Subsystems] Discovering subsystems at path C:/Program Files/Unity/Hub/Editor/2022.3.16f1/Editor/Data/Resources/UnitySubsystems
[Subsystems] Discovering subsystems at path C:/Users/tavi/MovementProj/Assets
GfxDevice: creating device client; threaded=0; jobified=0
Direct3D:
    Version:  Direct3D 11.0 [level 11.1]
    Renderer: NVIDIA GeForce RTX 3060 (ID=0x2504)
    Vendor:   NVIDIA
    VRAM:     12129 MB
    Driver:   31.0.15.3623
Initialize mono
Mono path[0] = 'C:/Program Files/Unity/Hub/Editor/2022.3.16f1/Editor/Data/Managed'
Mono path[1] = 'C:/Program Files/Unity/Hub/Editor/2022.3.16f1/Editor/Data/MonoBleedingEdge/lib/mono/unityjit-win32'
Mono config path = 'C:/Program Files/Unity/Hub/Editor/2022.3.16f1/Editor/Data/MonoBleedingEdge/etc'
Using monoOptions --debugger-agent=transport=dt_socket,embedding=1,server=y,suspend=n,address=127.0.0.1:56228
Begin MonoManager ReloadAssembly
Registering precompiled unity dll's ...
Register platform support module: C:/Program Files/Unity/Hub/Editor/2022.3.16f1/Editor/Data/PlaybackEngines/WebGLSupport/UnityEditor.WebGL.Extensions.dll
Register platform support module: C:/Program Files/Unity/Hub/Editor/2022.3.16f1/Editor/Data/PlaybackEngines/WindowsStandaloneSupport/UnityEditor.WindowsStandalone.Extensions.dll
Registered in 0.012828 seconds.
- Loaded All Assemblies, in  0.422 seconds
Native extension for WindowsStandalone target not found
Native extension for WebGL target not found
Mono: successfully reloaded assembly
- Finished resetting the current domain, in  0.299 seconds
Domain Reload Profiling: 719ms
	BeginReloadAssembly (135ms)
		ExecutionOrderSort (0ms)
		DisableScriptedObjects (0ms)
		BackupInstance (0ms)
		ReleaseScriptingObjects (0ms)
		CreateAndSetChildDomain (1ms)
	RebuildCommonClasses (40ms)
	RebuildNativeTypeToScriptingClass (10ms)
	initialDomainReloadingComplete (74ms)
	LoadAllAssembliesAndSetupDomain (160ms)
		LoadAssemblies (133ms)
		RebuildTransferFunctionScriptingTraits (0ms)
		AnalyzeDomain (158ms)
			TypeCache.Refresh (156ms)
				TypeCache.ScanAssembly (142ms)
			ScanForSourceGeneratedMonoScriptInfo (0ms)
			ResolveRequiredComponents (1ms)
	FinalizeReload (299ms)
		ReleaseScriptCaches (0ms)
		RebuildScriptCaches (0ms)
		SetupLoadedEditorAssemblies (238ms)
			LogAssemblyErrors (0ms)
			InitializePlatformSupportModulesInManaged (12ms)
			SetLoadedEditorAssemblies (6ms)
			RefreshPlugins (0ms)
			BeforeProcessingInitializeOnLoad (2ms)
			ProcessInitializeOnLoadAttributes (166ms)
			ProcessInitializeOnLoadMethodAttributes (52ms)
			AfterProcessingInitializeOnLoad (0ms)
			EditorAssembliesLoaded (0ms)
		ExecutionOrderSort2 (0ms)
		AwakeInstancesAfterBackupRestoration (0ms)
========================================================================
Worker process is ready to serve import requests
Begin MonoManager ReloadAssembly
- Loaded All Assemblies, in  0.696 seconds
Refreshing native plugins compatible for Editor in 3.75 ms, found 3 plugins.
Native extension for WindowsStandalone target not found
Native extension for WebGL target not found
Package Manager log level set to [2]
[Package Manager] Server::EnsureServerProcessIsRunning -- launch failed, reason: Unity was launched with the -noUpm command-line argument
[Package Manager] UpmClient::Send -- Unable to send message (not connected to UPM process).
[Package Manager] Cannot connect to Unity Package Manager local server
Mono: successfully reloaded assembly
- Finished resetting the current domain, in  0.581 seconds
Domain Reload Profiling: 1274ms
	BeginReloadAssembly (160ms)
		ExecutionOrderSort (0ms)
		DisableScriptedObjects (7ms)
		BackupInstance (0ms)
		ReleaseScriptingObjects (0ms)
		CreateAndSetChildDomain (21ms)
	RebuildCommonClasses (47ms)
	RebuildNativeTypeToScriptingClass (10ms)
	initialDomainReloadingComplete (52ms)
	LoadAllAssembliesAndSetupDomain (424ms)
		LoadAssemblies (316ms)
		RebuildTransferFunctionScriptingTraits (0ms)
		AnalyzeDomain (201ms)
			TypeCache.Refresh (175ms)
				TypeCache.ScanAssembly (161ms)
			ScanForSourceGeneratedMonoScriptInfo (18ms)
			ResolveRequiredComponents (7ms)
	FinalizeReload (581ms)
		ReleaseScriptCaches (0ms)
		RebuildScriptCaches (0ms)
		SetupLoadedEditorAssemblies (407ms)
			LogAssemblyErrors (0ms)
			InitializePlatformSupportModulesInManaged (9ms)
			SetLoadedEditorAssemblies (4ms)
			RefreshPlugins (0ms)
			BeforeProcessingInitializeOnLoad (62ms)
			ProcessInitializeOnLoadAttributes (307ms)
			ProcessInitializeOnLoadMethodAttributes (18ms)
			AfterProcessingInitializeOnLoad (7ms)
			EditorAssembliesLoaded (0ms)
		ExecutionOrderSort2 (0ms)
		AwakeInstancesAfterBackupRestoration (5ms)
Launched and connected shader compiler UnityShaderCompiler.exe after 0.04 seconds
Refreshing native plugins compatible for Editor in 2.51 ms, found 3 plugins.
Preloading 0 native plugins for Editor in 0.00 ms.
Unloading 3273 Unused Serialized files (Serialized files now loaded: 0)
Unloading 45 unused Assets / (130.8 KB). Loaded Objects now: 3738.
Memory consumption went from 132.4 MB to 132.2 MB.
Total: 2.772900 ms (FindLiveObjects: 0.261000 ms CreateObjectMapping: 0.114300 ms MarkObjects: 2.279000 ms  DeleteObjects: 0.117500 ms)

AssetImportParameters requested are different than current active one (requested -> active):
  custom:container-demuxer-ogg: 62fdf1f143b41e24485cea50d1cbac27 -> 
  custom:video-decoder-ogg-theora: a1e56fd34408186e4bbccfd4996cb3dc -> 
  custom:framework-win-MediaFoundation: 216162199b28c13a410421893ffa2e32 -> 
  custom:CustomObjectIndexerAttribute: 43b350a4d6e6d1791af0b5038c4bea17 -> 
  custom:container-demuxer-webm: 4f35f7cbe854078d1ac9338744f61a02 -> 
  custom:container-muxer-webm: aa71ff27fc2769a1b78a27578f13a17b -> 
  custom:video-decoder-webm-vp8: 9c59270c3fd7afecdb556c50c9e8de78 -> 
  custom:SearchIndexIgnoredProperties: e643bd26f0fe6173181afceb89e7c659 -> 
  custom:AudioImporter_EditorPlatform: d09bf68614088b80899f8185d706f6e7 -> 
  custom:video-encoder-webm-vp8: eb34c28f22e8b96e1ab97ce403110664 -> 
  custom:audio-decoder-ogg-vorbis: bf7c407c2cedff20999df2af8eb42d56 -> 
  custom:audio-encoder-webm-vorbis: bf7c407c2cedff20999df2af8eb42d56 -> 
========================================================================
Received Import Request.
  Time since last request: 1408835.880202 seconds.
  path: Assets/render_textures/pixelated.renderTexture
  artifactKey: Guid(ad2f532be985e694fa03b3bc39f0d233) Importer(815301076,1909f56bfc062723c751e8b465ee728b)
Start importing Assets/render_textures/pixelated.renderTexture using Guid(ad2f532be985e694fa03b3bc39f0d233) Importer(815301076,1909f56bfc062723c751e8b465ee728b)  -> (artifact id: 'db2bd30f004b53740210bd9ee83e7855') in 0.061600 seconds
Number of updated asset objects reloaded before import = 0
Number of asset objects unloaded after import = 2
========================================================================
Received Import Request.
  Time since last request: 56.029810 seconds.
  path: Assets/Scenes
  artifactKey: Guid(c2face32904d1c448bb50d76eb6173cc) Importer(815301076,1909f56bfc062723c751e8b465ee728b)
Start importing Assets/Scenes using Guid(c2face32904d1c448bb50d76eb6173cc) Importer(815301076,1909f56bfc062723c751e8b465ee728b)  -> (artifact id: 'd7d8367e2a5eba998a29c14dbe1c7394') in 0.000554 seconds
Number of updated asset objects reloaded before import = 0
Number of asset objects unloaded after import = 0
========================================================================
Received Import Request.
  Time since last request: 43.815853 seconds.
  path: Assets/SpeedTutor - Tutorial Scene - FREE
  artifactKey: Guid(d4916983c122c2b4587101dc2b56f7e5) Importer(815301076,1909f56bfc062723c751e8b465ee728b)
Start importing Assets/SpeedTutor - Tutorial Scene - FREE using Guid(d4916983c122c2b4587101dc2b56f7e5) Importer(815301076,1909f56bfc062723c751e8b465ee728b)  -> (artifact id: '324bb96bcd984b1a0acab63a5a1c9303') in 0.000430 seconds
Number of updated asset objects reloaded before import = 0
Number of asset objects unloaded after import = 0
========================================================================
Received Import Request.
  Time since last request: 1.917831 seconds.
  path: Assets/SpeedTutor - Tutorial Scene - FREE/Scenes
  artifactKey: Guid(45d72ca0d29dae14c91ac0a6d5f136a2) Importer(815301076,1909f56bfc062723c751e8b465ee728b)
Start importing Assets/SpeedTutor - Tutorial Scene - FREE/Scenes using Guid(45d72ca0d29dae14c91ac0a6d5f136a2) Importer(815301076,1909f56bfc062723c751e8b465ee728b)  -> (artifact id: 'be267502d9a9247cc5fcfc21a012603f') in 0.000418 seconds
Number of updated asset objects reloaded before import = 0
Number of asset objects unloaded after import = 0
========================================================================
Received Import Request.
  Time since last request: 4.236048 seconds.
  path: Assets/SpeedTutor - Tutorial Scene - FREE/Scenes/SpeedTutor Test Scene.unity
  artifactKey: Guid(a29848c6cbdc245439fd7641ab34b8bc) Importer(815301076,1909f56bfc062723c751e8b465ee728b)
Start importing Assets/SpeedTutor - Tutorial Scene - FREE/Scenes/SpeedTutor Test Scene.unity using Guid(a29848c6cbdc245439fd7641ab34b8bc) Importer(815301076,1909f56bfc062723c751e8b465ee728b)  -> (artifact id: 'd7bb8b71ed82dab9b47edcf9a5ec9639') in 0.000476 seconds
Number of updated asset objects reloaded before import = 0
Number of asset objects unloaded after import = 0
========================================================================
Received Import Request.
  Time since last request: 15.416307 seconds.
  path: Assets/SpeedTutor - Tutorial Scene - FREE/Material/M_Tileable_Cube.mat
  artifactKey: Guid(ec8cc910d2d8dbd4ea0b4cecdf397a8b) Importer(815301076,1909f56bfc062723c751e8b465ee728b)
Start importing Assets/SpeedTutor - Tutorial Scene - FREE/Material/M_Tileable_Cube.mat using Guid(ec8cc910d2d8dbd4ea0b4cecdf397a8b) Importer(815301076,1909f56bfc062723c751e8b465ee728b)  -> (artifact id: '41cbcd45e5249d3cc14475db26c13bc2') in 0.068947 seconds
Number of updated asset objects reloaded before import = 0
Number of asset objects unloaded after import = 2
========================================================================
Received Import Request.
  Time since last request: 3.031403 seconds.
  path: Assets/Scenes/SampleScene.unity
  artifactKey: Guid(9fc0d4010bbf28b4594072e72b8655ab) Importer(815301076,1909f56bfc062723c751e8b465ee728b)
Start importing Assets/Scenes/SampleScene.unity using Guid(9fc0d4010bbf28b4594072e72b8655ab) Importer(815301076,1909f56bfc062723c751e8b465ee728b)  -> (artifact id: 'c1505d214b67e06f483b91ffe8be3e10') in 0.000519 seconds
Number of updated asset objects reloaded before import = 0
Number of asset objects unloaded after import = 0
========================================================================
Received Import Request.
  Time since last request: 11.898002 seconds.
  path: Assets/SpeedTutor - Tutorial Scene - FREE/Prefabs
  artifactKey: Guid(0b3b57d8ad8f28e419a5f914730521f8) Importer(815301076,1909f56bfc062723c751e8b465ee728b)
Start importing Assets/SpeedTutor - Tutorial Scene - FREE/Prefabs using Guid(0b3b57d8ad8f28e419a5f914730521f8) Importer(815301076,1909f56bfc062723c751e8b465ee728b)  -> (artifact id: '6c107330eaeffb8a9638e5cf39962c32') in 0.000416 seconds
Number of updated asset objects reloaded before import = 0
Number of asset objects unloaded after import = 0
========================================================================
Received Import Request.
  Time since last request: 0.031705 seconds.
  path: Assets/SpeedTutor - Tutorial Scene - FREE/Prefabs/Centre Cube.prefab
  artifactKey: Guid(20b83b6c7039f5d47beac9ffafe09d6e) Importer(815301076,1909f56bfc062723c751e8b465ee728b)
Start importing Assets/SpeedTutor - Tutorial Scene - FREE/Prefabs/Centre Cube.prefab using Guid(20b83b6c7039f5d47beac9ffafe09d6e) Importer(815301076,1909f56bfc062723c751e8b465ee728b)  -> (artifact id: '1775ed5442a48883ac429f478893ed0b') in 0.033596 seconds
Number of updated asset objects reloaded before import = 0
Number of asset objects unloaded after import = 10
========================================================================
Received Import Request.
  Time since last request: 0.000022 seconds.
  path: Assets/SpeedTutor - Tutorial Scene - FREE/Prefabs/Large_Cube.prefab
  artifactKey: Guid(6d6892a877c0a664cb5a53eb2dd13c88) Importer(815301076,1909f56bfc062723c751e8b465ee728b)
Start importing Assets/SpeedTutor - Tutorial Scene - FREE/Prefabs/Large_Cube.prefab using Guid(6d6892a877c0a664cb5a53eb2dd13c88) Importer(815301076,1909f56bfc062723c751e8b465ee728b)  -> (artifact id: 'c56968b5dcb4c08e0f2fe8957ea8b840') in 0.021465 seconds
Number of updated asset objects reloaded before import = 0
Number of asset objects unloaded after import = 9
Editor requested this worker to shutdown with reason: Scaling down because of idle timeout
TcpMessagingSession - receive error: operation aborted. errorcode: 995, details: The I/O operation has been aborted because of either a thread exit or an application request.
AssetImportWorker is now disconnected from the server
Process exiting
Exiting without the bug reporter. Application will terminate with return code 0