Using pre-set license
Built from '2022.3/staging' branch; Version is '2022.3.16f1 (d2c21f0ef2f1) revision 13812255'; Using compiler version '192829333'; Build Type 'Release'
OS: 'Windows 10  (10.0.19045) 64bit Education' Language: 'en' Physical Memory: 16253 MB
BatchMode: 1, IsHumanControllingUs: 0, StartBugReporterOnCrash: 0, Is64bit: 1, IsPro: 1

COMMAND LINE ARGUMENTS:
C:\Program Files\Unity\Hub\Editor\2022.3.16f1\Editor\Unity.exe
-adb2
-batchMode
-noUpm
-name
AssetImportWorker1
-projectPath
C:/Users/tavi/MovementProj
-logFile
Logs/AssetImportWorker1.log
-srvPort
52704
Successfully changed project path to: C:/Users/tavi/MovementProj
C:/Users/tavi/MovementProj
[UnityMemory] Configuration Parameters - Can be set up in boot.config
    "memorysetup-bucket-allocator-granularity=16"
    "memorysetup-bucket-allocator-bucket-count=8"
    "memorysetup-bucket-allocator-block-size=33554432"
    "memorysetup-bucket-allocator-block-count=8"
    "memorysetup-main-allocator-block-size=16777216"
    "memorysetup-thread-allocator-block-size=16777216"
    "memorysetup-gfx-main-allocator-block-size=16777216"
    "memorysetup-gfx-thread-allocator-block-size=16777216"
    "memorysetup-cache-allocator-block-size=4194304"
    "memorysetup-typetree-allocator-block-size=2097152"
    "memorysetup-profiler-bucket-allocator-granularity=16"
    "memorysetup-profiler-bucket-allocator-bucket-count=8"
    "memorysetup-profiler-bucket-allocator-block-size=33554432"
    "memorysetup-profiler-bucket-allocator-block-count=8"
    "memorysetup-profiler-allocator-block-size=16777216"
    "memorysetup-profiler-editor-allocator-block-size=1048576"
    "memorysetup-temp-allocator-size-main=16777216"
    "memorysetup-job-temp-allocator-block-size=2097152"
    "memorysetup-job-temp-allocator-block-size-background=1048576"
    "memorysetup-job-temp-allocator-reduction-small-platforms=262144"
    "memorysetup-allocator-temp-initial-block-size-main=262144"
    "memorysetup-allocator-temp-initial-block-size-worker=262144"
    "memorysetup-temp-allocator-size-background-worker=32768"
    "memorysetup-temp-allocator-size-job-worker=262144"
    "memorysetup-temp-allocator-size-preload-manager=33554432"
    "memorysetup-temp-allocator-size-nav-mesh-worker=65536"
    "memorysetup-temp-allocator-size-audio-worker=65536"
    "memorysetup-temp-allocator-size-cloud-worker=32768"
    "memorysetup-temp-allocator-size-gi-baking-worker=262144"
    "memorysetup-temp-allocator-size-gfx=262144"
Player connection [16356] Host "[IP] 192.168.1.198 [Port] 0 [Flags] 2 [Guid] 2676048906 [EditorId] 2676048906 [Version] 1048832 [Id] WindowsEditor(7,DESKTOP-E06N3OI) [Debug] 1 [PackageName] WindowsEditor [ProjectName] Editor" joined multi-casting on [225.0.0.222:54997]...

Player connection [16356] Host "[IP] 192.168.1.198 [Port] 0 [Flags] 2 [Guid] 2676048906 [EditorId] 2676048906 [Version] 1048832 [Id] WindowsEditor(7,DESKTOP-E06N3OI) [Debug] 1 [PackageName] WindowsEditor [ProjectName] Editor" joined alternative multi-casting on [225.0.0.222:34997]...

[Physics::Module] Initialized MultithreadedJobDispatcher with 11 workers.
Refreshing native plugins compatible for Editor in 8.68 ms, found 3 plugins.
Preloading 0 native plugins for Editor in 0.00 ms.
Initialize engine version: 2022.3.16f1 (d2c21f0ef2f1)
[Subsystems] Discovering subsystems at path C:/Program Files/Unity/Hub/Editor/2022.3.16f1/Editor/Data/Resources/UnitySubsystems
[Subsystems] Discovering subsystems at path C:/Users/tavi/MovementProj/Assets
GfxDevice: creating device client; threaded=0; jobified=0
Direct3D:
    Version:  Direct3D 11.0 [level 11.1]
    Renderer: NVIDIA GeForce RTX 3060 (ID=0x2504)
    Vendor:   NVIDIA
    VRAM:     12129 MB
    Driver:   31.0.15.3623
Initialize mono
Mono path[0] = 'C:/Program Files/Unity/Hub/Editor/2022.3.16f1/Editor/Data/Managed'
Mono path[1] = 'C:/Program Files/Unity/Hub/Editor/2022.3.16f1/Editor/Data/MonoBleedingEdge/lib/mono/unityjit-win32'
Mono config path = 'C:/Program Files/Unity/Hub/Editor/2022.3.16f1/Editor/Data/MonoBleedingEdge/etc'
Using monoOptions --debugger-agent=transport=dt_socket,embedding=1,server=y,suspend=n,address=127.0.0.1:56244
Begin MonoManager ReloadAssembly
Registering precompiled unity dll's ...
Register platform support module: C:/Program Files/Unity/Hub/Editor/2022.3.16f1/Editor/Data/PlaybackEngines/WebGLSupport/UnityEditor.WebGL.Extensions.dll
Register platform support module: C:/Program Files/Unity/Hub/Editor/2022.3.16f1/Editor/Data/PlaybackEngines/WindowsStandaloneSupport/UnityEditor.WindowsStandalone.Extensions.dll
Registered in 0.010035 seconds.
- Loaded All Assemblies, in  0.343 seconds
Native extension for WindowsStandalone target not found
Native extension for WebGL target not found
Mono: successfully reloaded assembly
- Finished resetting the current domain, in  0.249 seconds
Domain Reload Profiling: 590ms
	BeginReloadAssembly (110ms)
		ExecutionOrderSort (0ms)
		DisableScriptedObjects (0ms)
		BackupInstance (0ms)
		ReleaseScriptingObjects (0ms)
		CreateAndSetChildDomain (1ms)
	RebuildCommonClasses (32ms)
	RebuildNativeTypeToScriptingClass (13ms)
	initialDomainReloadingComplete (57ms)
	LoadAllAssembliesAndSetupDomain (128ms)
		LoadAssemblies (108ms)
		RebuildTransferFunctionScriptingTraits (0ms)
		AnalyzeDomain (126ms)
			TypeCache.Refresh (125ms)
				TypeCache.ScanAssembly (113ms)
			ScanForSourceGeneratedMonoScriptInfo (0ms)
			ResolveRequiredComponents (0ms)
	FinalizeReload (250ms)
		ReleaseScriptCaches (0ms)
		RebuildScriptCaches (0ms)
		SetupLoadedEditorAssemblies (198ms)
			LogAssemblyErrors (0ms)
			InitializePlatformSupportModulesInManaged (10ms)
			SetLoadedEditorAssemblies (5ms)
			RefreshPlugins (0ms)
			BeforeProcessingInitializeOnLoad (2ms)
			ProcessInitializeOnLoadAttributes (135ms)
			ProcessInitializeOnLoadMethodAttributes (46ms)
			AfterProcessingInitializeOnLoad (0ms)
			EditorAssembliesLoaded (0ms)
		ExecutionOrderSort2 (0ms)
		AwakeInstancesAfterBackupRestoration (0ms)
========================================================================
Worker process is ready to serve import requests
Begin MonoManager ReloadAssembly
- Loaded All Assemblies, in  0.670 seconds
Refreshing native plugins compatible for Editor in 4.61 ms, found 3 plugins.
Native extension for WindowsStandalone target not found
Native extension for WebGL target not found
Package Manager log level set to [2]
[Package Manager] Server::EnsureServerProcessIsRunning -- launch failed, reason: Unity was launched with the -noUpm command-line argument
[Package Manager] UpmClient::Send -- Unable to send message (not connected to UPM process).
[Package Manager] Cannot connect to Unity Package Manager local server
Mono: successfully reloaded assembly
- Finished resetting the current domain, in  0.607 seconds
Domain Reload Profiling: 1275ms
	BeginReloadAssembly (155ms)
		ExecutionOrderSort (0ms)
		DisableScriptedObjects (5ms)
		BackupInstance (0ms)
		ReleaseScriptingObjects (0ms)
		CreateAndSetChildDomain (26ms)
	RebuildCommonClasses (31ms)
	RebuildNativeTypeToScriptingClass (9ms)
	initialDomainReloadingComplete (45ms)
	LoadAllAssembliesAndSetupDomain (428ms)
		LoadAssemblies (337ms)
		RebuildTransferFunctionScriptingTraits (0ms)
		AnalyzeDomain (184ms)
			TypeCache.Refresh (158ms)
				TypeCache.ScanAssembly (142ms)
			ScanForSourceGeneratedMonoScriptInfo (18ms)
			ResolveRequiredComponents (6ms)
	FinalizeReload (607ms)
		ReleaseScriptCaches (0ms)
		RebuildScriptCaches (0ms)
		SetupLoadedEditorAssemblies (455ms)
			LogAssemblyErrors (0ms)
			InitializePlatformSupportModulesInManaged (7ms)
			SetLoadedEditorAssemblies (4ms)
			RefreshPlugins (0ms)
			BeforeProcessingInitializeOnLoad (64ms)
			ProcessInitializeOnLoadAttributes (354ms)
			ProcessInitializeOnLoadMethodAttributes (18ms)
			AfterProcessingInitializeOnLoad (8ms)
			EditorAssembliesLoaded (0ms)
		ExecutionOrderSort2 (0ms)
		AwakeInstancesAfterBackupRestoration (5ms)
Launched and connected shader compiler UnityShaderCompiler.exe after 0.04 seconds
Refreshing native plugins compatible for Editor in 4.09 ms, found 3 plugins.
Preloading 0 native plugins for Editor in 0.00 ms.
Unloading 3818 Unused Serialized files (Serialized files now loaded: 0)
Unloading 82 unused Assets / (3.0 MB). Loaded Objects now: 4264.
Memory consumption went from 164.3 MB to 161.4 MB.
Total: 5.453100 ms (FindLiveObjects: 0.343000 ms CreateObjectMapping: 0.260600 ms MarkObjects: 3.126700 ms  DeleteObjects: 1.721300 ms)

AssetImportParameters requested are different than current active one (requested -> active):
  custom:container-demuxer-ogg: 62fdf1f143b41e24485cea50d1cbac27 -> 
  custom:video-decoder-ogg-theora: a1e56fd34408186e4bbccfd4996cb3dc -> 
  custom:framework-win-MediaFoundation: 216162199b28c13a410421893ffa2e32 -> 
  custom:CustomObjectIndexerAttribute: 43b350a4d6e6d1791af0b5038c4bea17 -> 
  custom:container-demuxer-webm: 4f35f7cbe854078d1ac9338744f61a02 -> 
  custom:container-muxer-webm: aa71ff27fc2769a1b78a27578f13a17b -> 
  custom:video-decoder-webm-vp8: 9c59270c3fd7afecdb556c50c9e8de78 -> 
  custom:SearchIndexIgnoredProperties: e643bd26f0fe6173181afceb89e7c659 -> 
  custom:AudioImporter_EditorPlatform: d09bf68614088b80899f8185d706f6e7 -> 
  custom:video-encoder-webm-vp8: eb34c28f22e8b96e1ab97ce403110664 -> 
  custom:audio-decoder-ogg-vorbis: bf7c407c2cedff20999df2af8eb42d56 -> 
  custom:audio-encoder-webm-vorbis: bf7c407c2cedff20999df2af8eb42d56 -> 
========================================================================
Received Import Request.
  Time since last request: 2248553.843916 seconds.
  path: Assets/workshop_assets/Trash Pack Low Poly/Cereal_2.prefab
  artifactKey: Guid(44d893618ee70db4fbea9c13f14a89fb) Importer(815301076,1909f56bfc062723c751e8b465ee728b)
Start importing Assets/workshop_assets/Trash Pack Low Poly/Cereal_2.prefab using Guid(44d893618ee70db4fbea9c13f14a89fb) Importer(815301076,1909f56bfc062723c751e8b465ee728b)  -> (artifact id: 'e13d8052bf09e5f6cdc5a238c1f03524') in 0.235572 seconds
Number of updated asset objects reloaded before import = 0
Number of asset objects unloaded after import = 11
========================================================================
Received Import Request.
  Time since last request: 0.000041 seconds.
  path: Assets/workshop_assets/Trash Pack Low Poly/Desks.FBX
  artifactKey: Guid(bc2d43327f6b0a24881ad76800285f26) Importer(815301076,1909f56bfc062723c751e8b465ee728b)
Start importing Assets/workshop_assets/Trash Pack Low Poly/Desks.FBX using Guid(bc2d43327f6b0a24881ad76800285f26) Importer(815301076,1909f56bfc062723c751e8b465ee728b)  -> (artifact id: '374686bce84a639bf10bba9347aab72e') in 0.082969 seconds
Number of updated asset objects reloaded before import = 0
Number of asset objects unloaded after import = 23
========================================================================
Received Import Request.
  Time since last request: 0.000060 seconds.
  path: Assets/workshop_assets/Trash Pack Low Poly/ToiletPaper2.FBX
  artifactKey: Guid(10aa997cce14d3d41be3c9405d8ccb94) Importer(815301076,1909f56bfc062723c751e8b465ee728b)
Start importing Assets/workshop_assets/Trash Pack Low Poly/ToiletPaper2.FBX using Guid(10aa997cce14d3d41be3c9405d8ccb94) Importer(815301076,1909f56bfc062723c751e8b465ee728b)  -> (artifact id: 'fd3f44a8911a4895a9d5bfc20eb009ea') in 0.051618 seconds
Number of updated asset objects reloaded before import = 0
Number of asset objects unloaded after import = 11
========================================================================
Received Import Request.
  Time since last request: 0.000019 seconds.
  path: Assets/workshop_assets/Trash Pack Low Poly/Brick2.FBX
  artifactKey: Guid(9972094f27e0e794a81edfda44d34e38) Importer(815301076,1909f56bfc062723c751e8b465ee728b)
Start importing Assets/workshop_assets/Trash Pack Low Poly/Brick2.FBX using Guid(9972094f27e0e794a81edfda44d34e38) Importer(815301076,1909f56bfc062723c751e8b465ee728b)  -> (artifact id: 'e118528951c34a7f0d2bf3e379a07041') in 0.023029 seconds
Number of updated asset objects reloaded before import = 0
Number of asset objects unloaded after import = 10
========================================================================
Received Import Request.
  Time since last request: 0.000021 seconds.
  path: Assets/workshop_assets/Trash Pack Low Poly/Battery1.FBX
  artifactKey: Guid(eef823a0d743d8942b54d878cc992b37) Importer(815301076,1909f56bfc062723c751e8b465ee728b)
Start importing Assets/workshop_assets/Trash Pack Low Poly/Battery1.FBX using Guid(eef823a0d743d8942b54d878cc992b37) Importer(815301076,1909f56bfc062723c751e8b465ee728b)  -> (artifact id: '713c004ac338c7746f77101c7009e972') in 0.022191 seconds
Number of updated asset objects reloaded before import = 0
Number of asset objects unloaded after import = 11
========================================================================
Received Import Request.
  Time since last request: 0.000017 seconds.
  path: Assets/workshop_assets/Trash Pack Low Poly/Bottle1_2.prefab
  artifactKey: Guid(dd9608af606942d40866ed841b2910bd) Importer(815301076,1909f56bfc062723c751e8b465ee728b)
Start importing Assets/workshop_assets/Trash Pack Low Poly/Bottle1_2.prefab using Guid(dd9608af606942d40866ed841b2910bd) Importer(815301076,1909f56bfc062723c751e8b465ee728b)  -> (artifact id: 'b49f65b138cf1d132b6ba9c000613824') in 0.015167 seconds
Number of updated asset objects reloaded before import = 0
Number of asset objects unloaded after import = 11
========================================================================
Received Import Request.
  Time since last request: 0.000027 seconds.
  path: Assets/workshop_assets/Trash Pack Low Poly/Bottle2.FBX
  artifactKey: Guid(600f6467914f8fb48926d853668a1ce5) Importer(815301076,1909f56bfc062723c751e8b465ee728b)
Start importing Assets/workshop_assets/Trash Pack Low Poly/Bottle2.FBX using Guid(600f6467914f8fb48926d853668a1ce5) Importer(815301076,1909f56bfc062723c751e8b465ee728b)  -> (artifact id: 'f666a7f968df197589c1879219faf169') in 0.016962 seconds
Number of updated asset objects reloaded before import = 0
Number of asset objects unloaded after import = 10
========================================================================
Received Import Request.
  Time since last request: 0.000021 seconds.
  path: Assets/workshop_assets/Trash Pack Low Poly/BottleOfBeer.FBX
  artifactKey: Guid(e41b4f9459c489a4596e740b61a3dcf1) Importer(815301076,1909f56bfc062723c751e8b465ee728b)
Start importing Assets/workshop_assets/Trash Pack Low Poly/BottleOfBeer.FBX using Guid(e41b4f9459c489a4596e740b61a3dcf1) Importer(815301076,1909f56bfc062723c751e8b465ee728b)  -> (artifact id: 'b9273ab3bcae402372c16dfafba9f170') in 0.017623 seconds
Number of updated asset objects reloaded before import = 0
Number of asset objects unloaded after import = 11
========================================================================
Received Import Request.
  Time since last request: 0.000032 seconds.
  path: Assets/workshop_assets/Trash Pack Low Poly/Brick1.FBX
  artifactKey: Guid(88d9644d06d973f458e250d90868826e) Importer(815301076,1909f56bfc062723c751e8b465ee728b)
Start importing Assets/workshop_assets/Trash Pack Low Poly/Brick1.FBX using Guid(88d9644d06d973f458e250d90868826e) Importer(815301076,1909f56bfc062723c751e8b465ee728b)  -> (artifact id: '6d0ebc5290d095766101236b2d902657') in 0.020310 seconds
Number of updated asset objects reloaded before import = 0
Number of asset objects unloaded after import = 10
========================================================================
Received Import Request.
  Time since last request: 0.000025 seconds.
  path: Assets/workshop_assets/Trash Pack Low Poly/Bottle1.FBX
  artifactKey: Guid(695cb951c9e5b2e4ebc1baccb673fbb2) Importer(815301076,1909f56bfc062723c751e8b465ee728b)
Start importing Assets/workshop_assets/Trash Pack Low Poly/Bottle1.FBX using Guid(695cb951c9e5b2e4ebc1baccb673fbb2) Importer(815301076,1909f56bfc062723c751e8b465ee728b)  -> (artifact id: 'f57c54d6a24f855f51b74bb1633e3d30') in 0.017357 seconds
Number of updated asset objects reloaded before import = 0
Number of asset objects unloaded after import = 11
========================================================================
Received Import Request.
  Time since last request: 6.929177 seconds.
  path: Assets/workshop_assets/Megapoly.Art/Urban Props/Prefabs/Cone.prefab
  artifactKey: Guid(d0c7d79bae606da46ac7123d622bf082) Importer(815301076,1909f56bfc062723c751e8b465ee728b)
Start importing Assets/workshop_assets/Megapoly.Art/Urban Props/Prefabs/Cone.prefab using Guid(d0c7d79bae606da46ac7123d622bf082) Importer(815301076,1909f56bfc062723c751e8b465ee728b)  -> (artifact id: 'd40ec03161c409255f1507d777a4dce7') in 0.015344 seconds
Number of updated asset objects reloaded before import = 0
Number of asset objects unloaded after import = 10
========================================================================
Received Import Request.
  Time since last request: 0.000016 seconds.
  path: Assets/workshop_assets/Megapoly.Art/Urban Props/Prefabs/Paper_Group_2.prefab
  artifactKey: Guid(5aaf57c36abdcfb4fb2fcaae655a799d) Importer(815301076,1909f56bfc062723c751e8b465ee728b)
Start importing Assets/workshop_assets/Megapoly.Art/Urban Props/Prefabs/Paper_Group_2.prefab using Guid(5aaf57c36abdcfb4fb2fcaae655a799d) Importer(815301076,1909f56bfc062723c751e8b465ee728b)  -> (artifact id: 'eec6c0843a2558588be2bde5b101da38') in 0.011351 seconds
Number of updated asset objects reloaded before import = 0
Number of asset objects unloaded after import = 10
========================================================================
Received Import Request.
  Time since last request: 0.000016 seconds.
  path: Assets/workshop_assets/Megapoly.Art/Urban Props/Prefabs/manhole_cover.prefab
  artifactKey: Guid(43b83a74a6a998c40ba15b534e2829b4) Importer(815301076,1909f56bfc062723c751e8b465ee728b)
Start importing Assets/workshop_assets/Megapoly.Art/Urban Props/Prefabs/manhole_cover.prefab using Guid(43b83a74a6a998c40ba15b534e2829b4) Importer(815301076,1909f56bfc062723c751e8b465ee728b)  -> (artifact id: '58c01b749bab9ee8bb0e1d923ba69389') in 0.012972 seconds
Number of updated asset objects reloaded before import = 0
Number of asset objects unloaded after import = 10
========================================================================
Received Import Request.
  Time since last request: 0.000023 seconds.
  path: Assets/workshop_assets/Megapoly.Art/Urban Props/Prefabs/pallet.prefab
  artifactKey: Guid(6eae65c8cb0d03349b0445ed9122ac6e) Importer(815301076,1909f56bfc062723c751e8b465ee728b)
Start importing Assets/workshop_assets/Megapoly.Art/Urban Props/Prefabs/pallet.prefab using Guid(6eae65c8cb0d03349b0445ed9122ac6e) Importer(815301076,1909f56bfc062723c751e8b465ee728b)  -> (artifact id: '90a330a502886dbd3f1ddf6e59d14e5c') in 0.012684 seconds
Number of updated asset objects reloaded before import = 0
Number of asset objects unloaded after import = 10
========================================================================
Received Import Request.
  Time since last request: 382.665505 seconds.
  path: Assets/workshop_assets/Megapoly.Art/Urban Props/Meshes/Case.fbx
  artifactKey: Guid(7979f508bee93014c9ee3ddfd358e342) Importer(815301076,1909f56bfc062723c751e8b465ee728b)
Start importing Assets/workshop_assets/Megapoly.Art/Urban Props/Meshes/Case.fbx using Guid(7979f508bee93014c9ee3ddfd358e342) Importer(815301076,1909f56bfc062723c751e8b465ee728b)  -> (artifact id: '658ccb44c101958f36a6acaab89125bf') in 0.032437 seconds
Number of updated asset objects reloaded before import = 0
Number of asset objects unloaded after import = 9
========================================================================
Received Import Request.
  Time since last request: 0.000022 seconds.
  path: Assets/workshop_assets/Megapoly.Art/Urban Props/Meshes/Paper_Group_1.fbx
  artifactKey: Guid(2aefd462f2cef7a47ae48e83dfcad5cb) Importer(815301076,1909f56bfc062723c751e8b465ee728b)
Start importing Assets/workshop_assets/Megapoly.Art/Urban Props/Meshes/Paper_Group_1.fbx using Guid(2aefd462f2cef7a47ae48e83dfcad5cb) Importer(815301076,1909f56bfc062723c751e8b465ee728b)  -> (artifact id: 'a696fa339320bbbecffb0637c09df7b3') in 0.030558 seconds
Number of updated asset objects reloaded before import = 0
Number of asset objects unloaded after import = 9
========================================================================
Received Import Request.
  Time since last request: 0.000022 seconds.
  path: Assets/workshop_assets/Megapoly.Art/Urban Props/Meshes/Paper_Group_2.fbx
  artifactKey: Guid(e59b0feb52b5259478dbf30e2b5761a6) Importer(815301076,1909f56bfc062723c751e8b465ee728b)
Start importing Assets/workshop_assets/Megapoly.Art/Urban Props/Meshes/Paper_Group_2.fbx using Guid(e59b0feb52b5259478dbf30e2b5761a6) Importer(815301076,1909f56bfc062723c751e8b465ee728b)  -> (artifact id: '33a7a98d4af54274638c6f06c57dcbfa') in 0.061923 seconds
Number of updated asset objects reloaded before import = 0
Number of asset objects unloaded after import = 9
========================================================================
Received Import Request.
  Time since last request: 0.000016 seconds.
  path: Assets/workshop_assets/Megapoly.Art/Urban Props/Meshes/Cone.fbx
  artifactKey: Guid(4aeb64a1ce4bf5b47a7ca207af0835ac) Importer(815301076,1909f56bfc062723c751e8b465ee728b)
Start importing Assets/workshop_assets/Megapoly.Art/Urban Props/Meshes/Cone.fbx using Guid(4aeb64a1ce4bf5b47a7ca207af0835ac) Importer(815301076,1909f56bfc062723c751e8b465ee728b)  -> (artifact id: '19a306d5847591e0e4ea018716c2c6ac') in 0.056255 seconds
Number of updated asset objects reloaded before import = 0
Number of asset objects unloaded after import = 9
========================================================================
Received Import Request.
  Time since last request: 0.000025 seconds.
  path: Assets/workshop_assets/Megapoly.Art/Urban Props/Meshes/lighting_pole.fbx
  artifactKey: Guid(91152c053c644794cae6bf0b919e1628) Importer(815301076,1909f56bfc062723c751e8b465ee728b)
Start importing Assets/workshop_assets/Megapoly.Art/Urban Props/Meshes/lighting_pole.fbx using Guid(91152c053c644794cae6bf0b919e1628) Importer(815301076,1909f56bfc062723c751e8b465ee728b)  -> (artifact id: 'b5dad0607e31355006070dae031df090') in 0.037519 seconds
Number of updated asset objects reloaded before import = 0
Number of asset objects unloaded after import = 9
========================================================================
Received Import Request.
  Time since last request: 0.000037 seconds.
  path: Assets/workshop_assets/Megapoly.Art/Urban Props/Meshes/manhole_cover.fbx
  artifactKey: Guid(4d9f0543d74ce524c827876992d49955) Importer(815301076,1909f56bfc062723c751e8b465ee728b)
Start importing Assets/workshop_assets/Megapoly.Art/Urban Props/Meshes/manhole_cover.fbx using Guid(4d9f0543d74ce524c827876992d49955) Importer(815301076,1909f56bfc062723c751e8b465ee728b)  -> (artifact id: '1dbaaa550f496debaae3f96080300d37') in 0.018043 seconds
Number of updated asset objects reloaded before import = 0
Number of asset objects unloaded after import = 9
========================================================================
Received Import Request.
  Time since last request: 2.424793 seconds.
  path: Assets/workshop_assets/Megapoly.Art/Urban Props/Materials/Main.mat
  artifactKey: Guid(71fb9a6019f8e4d4aa8d205cc88c43ef) Importer(815301076,1909f56bfc062723c751e8b465ee728b)
Start importing Assets/workshop_assets/Megapoly.Art/Urban Props/Materials/Main.mat using Guid(71fb9a6019f8e4d4aa8d205cc88c43ef) Importer(815301076,1909f56bfc062723c751e8b465ee728b)  -> (artifact id: '8b6c79acf0678757e0250767486e8b15') in 0.026525 seconds
Number of updated asset objects reloaded before import = 0
Number of asset objects unloaded after import = 2
========================================================================
Received Import Request.
  Time since last request: 186.262266 seconds.
  path: Assets/workshop_assets/Trash Pack Low Poly/Materials/Battery.png
  artifactKey: Guid(0c63993a57b342040b6a04fe73b38b00) Importer(815301076,1909f56bfc062723c751e8b465ee728b)
Start importing Assets/workshop_assets/Trash Pack Low Poly/Materials/Battery.png using Guid(0c63993a57b342040b6a04fe73b38b00) Importer(815301076,1909f56bfc062723c751e8b465ee728b)  -> (artifact id: '6f4ad725fa2581c86e2655251624fcdb') in 0.028942 seconds
Number of updated asset objects reloaded before import = 0
Number of asset objects unloaded after import = 2
========================================================================
Received Import Request.
  Time since last request: 0.000016 seconds.
  path: Assets/workshop_assets/Trash Pack Low Poly/Materials/BottleOfBeer.mat
  artifactKey: Guid(9b40f60f14d2f0345b7bbcb3f0b5aacf) Importer(815301076,1909f56bfc062723c751e8b465ee728b)
Start importing Assets/workshop_assets/Trash Pack Low Poly/Materials/BottleOfBeer.mat using Guid(9b40f60f14d2f0345b7bbcb3f0b5aacf) Importer(815301076,1909f56bfc062723c751e8b465ee728b)  -> (artifact id: '6065a5c03b9e5ba90790f7fb08c4318a') in 0.016606 seconds
Number of updated asset objects reloaded before import = 0
Number of asset objects unloaded after import = 2
========================================================================
Received Import Request.
  Time since last request: 0.000019 seconds.
  path: Assets/workshop_assets/Trash Pack Low Poly/Materials/PaletteTrashcan4.png
  artifactKey: Guid(609add367e9e4194da3958dee3b3f104) Importer(815301076,1909f56bfc062723c751e8b465ee728b)
Start importing Assets/workshop_assets/Trash Pack Low Poly/Materials/PaletteTrashcan4.png using Guid(609add367e9e4194da3958dee3b3f104) Importer(815301076,1909f56bfc062723c751e8b465ee728b)  -> (artifact id: '160e3b7265bb6c9a5239253849f405e4') in 0.035546 seconds
Number of updated asset objects reloaded before import = 0
Number of asset objects unloaded after import = 2
========================================================================
Received Import Request.
  Time since last request: 0.000012 seconds.
  path: Assets/workshop_assets/Trash Pack Low Poly/Materials/BottleOfBeer2.png
  artifactKey: Guid(adcec428a0ae4ff448fca28f4988018b) Importer(815301076,1909f56bfc062723c751e8b465ee728b)
Start importing Assets/workshop_assets/Trash Pack Low Poly/Materials/BottleOfBeer2.png using Guid(adcec428a0ae4ff448fca28f4988018b) Importer(815301076,1909f56bfc062723c751e8b465ee728b)  -> (artifact id: 'd19f5cdd30e53472f8222ed48a0e306e') in 0.030112 seconds
Number of updated asset objects reloaded before import = 0
Number of asset objects unloaded after import = 2
========================================================================
Received Import Request.
  Time since last request: 0.000020 seconds.
  path: Assets/workshop_assets/Trash Pack Low Poly/Materials/Trashcan2.png
  artifactKey: Guid(29ba99bc93afcd94c9defae05a46fb91) Importer(815301076,1909f56bfc062723c751e8b465ee728b)
Start importing Assets/workshop_assets/Trash Pack Low Poly/Materials/Trashcan2.png using Guid(29ba99bc93afcd94c9defae05a46fb91) Importer(815301076,1909f56bfc062723c751e8b465ee728b)  -> (artifact id: '2e9ebbf009a7585d6c203b040a32b000') in 0.019765 seconds
Number of updated asset objects reloaded before import = 0
Number of asset objects unloaded after import = 2
========================================================================
Received Import Request.
  Time since last request: 0.000026 seconds.
  path: Assets/workshop_assets/Trash Pack Low Poly/Materials/PaletteBottle3_2.mat
  artifactKey: Guid(80c0ca3abd0777247859598bd20b2b75) Importer(815301076,1909f56bfc062723c751e8b465ee728b)
Start importing Assets/workshop_assets/Trash Pack Low Poly/Materials/PaletteBottle3_2.mat using Guid(80c0ca3abd0777247859598bd20b2b75) Importer(815301076,1909f56bfc062723c751e8b465ee728b)  -> (artifact id: '62819849357de796b18fb03723237303') in 0.025009 seconds
Number of updated asset objects reloaded before import = 0
Number of asset objects unloaded after import = 2
========================================================================
Received Import Request.
  Time since last request: 0.000018 seconds.
  path: Assets/workshop_assets/Trash Pack Low Poly/Materials/PaletteBottles4_2.png
  artifactKey: Guid(6f6128ce48250ca48a212c70fa867bfd) Importer(815301076,1909f56bfc062723c751e8b465ee728b)
Start importing Assets/workshop_assets/Trash Pack Low Poly/Materials/PaletteBottles4_2.png using Guid(6f6128ce48250ca48a212c70fa867bfd) Importer(815301076,1909f56bfc062723c751e8b465ee728b)  -> (artifact id: 'dbd41a83a63e7d73b7da5d2ec65a3f9c') in 0.027595 seconds
Number of updated asset objects reloaded before import = 0
Number of asset objects unloaded after import = 2
========================================================================
Received Import Request.
  Time since last request: 0.000018 seconds.
  path: Assets/workshop_assets/Trash Pack Low Poly/Materials/Palette.png
  artifactKey: Guid(c545a3873eb5499459a2b82272793d5d) Importer(815301076,1909f56bfc062723c751e8b465ee728b)
Start importing Assets/workshop_assets/Trash Pack Low Poly/Materials/Palette.png using Guid(c545a3873eb5499459a2b82272793d5d) Importer(815301076,1909f56bfc062723c751e8b465ee728b)  -> (artifact id: '19f916ecbf135b19a5078e4078535686') in 0.025197 seconds
Number of updated asset objects reloaded before import = 0
Number of asset objects unloaded after import = 2
========================================================================
Received Import Request.
  Time since last request: 0.000016 seconds.
  path: Assets/workshop_assets/Trash Pack Low Poly/Materials/PaletteBottles2_012.mat
  artifactKey: Guid(823e5f2ada1d25e4cbaeea9a9b6dbb0c) Importer(815301076,1909f56bfc062723c751e8b465ee728b)
Start importing Assets/workshop_assets/Trash Pack Low Poly/Materials/PaletteBottles2_012.mat using Guid(823e5f2ada1d25e4cbaeea9a9b6dbb0c) Importer(815301076,1909f56bfc062723c751e8b465ee728b)  -> (artifact id: 'd20112671146c33f69d4787170e61dff') in 0.078485 seconds
Number of updated asset objects reloaded before import = 0
Number of asset objects unloaded after import = 2
========================================================================
Received Import Request.
  Time since last request: 0.000016 seconds.
  path: Assets/workshop_assets/Trash Pack Low Poly/Materials/PaletteBottles2.png
  artifactKey: Guid(fe933aa5517d07d4598ce17d218c72f4) Importer(815301076,1909f56bfc062723c751e8b465ee728b)
Start importing Assets/workshop_assets/Trash Pack Low Poly/Materials/PaletteBottles2.png using Guid(fe933aa5517d07d4598ce17d218c72f4) Importer(815301076,1909f56bfc062723c751e8b465ee728b)  -> (artifact id: '24d61528052edb4ea8e80fa1b0a8def1') in 0.028441 seconds
Number of updated asset objects reloaded before import = 0
Number of asset objects unloaded after import = 2
========================================================================
Received Import Request.
  Time since last request: 0.000023 seconds.
  path: Assets/workshop_assets/Trash Pack Low Poly/Materials/Cereal.png
  artifactKey: Guid(541c430536f81ac4fb52704d36899019) Importer(815301076,1909f56bfc062723c751e8b465ee728b)
Start importing Assets/workshop_assets/Trash Pack Low Poly/Materials/Cereal.png using Guid(541c430536f81ac4fb52704d36899019) Importer(815301076,1909f56bfc062723c751e8b465ee728b)  -> (artifact id: '92d050313dbfec9a513579cad5815d27') in 0.018564 seconds
Number of updated asset objects reloaded before import = 0
Number of asset objects unloaded after import = 2
========================================================================
Received Import Request.
  Time since last request: 0.000023 seconds.
  path: Assets/workshop_assets/Trash Pack Low Poly/Materials/Brick1.mat
  artifactKey: Guid(7b5d95ab9bb32a54994ca803d8c46222) Importer(815301076,1909f56bfc062723c751e8b465ee728b)
Start importing Assets/workshop_assets/Trash Pack Low Poly/Materials/Brick1.mat using Guid(7b5d95ab9bb32a54994ca803d8c46222) Importer(815301076,1909f56bfc062723c751e8b465ee728b)  -> (artifact id: 'c06ea4d7eca9f461d1471c938d07a1b7') in 0.010827 seconds
Number of updated asset objects reloaded before import = 0
Number of asset objects unloaded after import = 1
========================================================================
Received Import Request.
  Time since last request: 0.000044 seconds.
  path: Assets/workshop_assets/Trash Pack Low Poly/Materials/Desk.mat
  artifactKey: Guid(c7e879ced2bbbb04f9f1599bb4a777cd) Importer(815301076,1909f56bfc062723c751e8b465ee728b)
Start importing Assets/workshop_assets/Trash Pack Low Poly/Materials/Desk.mat using Guid(c7e879ced2bbbb04f9f1599bb4a777cd) Importer(815301076,1909f56bfc062723c751e8b465ee728b)  -> (artifact id: '150bb9342aee360dab388e3c7a4c65ad') in 0.013177 seconds
Number of updated asset objects reloaded before import = 0
Number of asset objects unloaded after import = 2
========================================================================
Received Import Request.
  Time since last request: 0.000019 seconds.
  path: Assets/workshop_assets/Trash Pack Low Poly/Materials/PaletteBottles3.mat
  artifactKey: Guid(da3a4d7fe9ec44441ae06aa548aee33d) Importer(815301076,1909f56bfc062723c751e8b465ee728b)
Start importing Assets/workshop_assets/Trash Pack Low Poly/Materials/PaletteBottles3.mat using Guid(da3a4d7fe9ec44441ae06aa548aee33d) Importer(815301076,1909f56bfc062723c751e8b465ee728b)  -> (artifact id: 'c7ef3f4cf1e800bac8785d1ffe56d5ea') in 0.012795 seconds
Number of updated asset objects reloaded before import = 0
Number of asset objects unloaded after import = 2
========================================================================
Received Import Request.
  Time since last request: 0.000027 seconds.
  path: Assets/workshop_assets/Trash Pack Low Poly/Materials/Trashcan2.mat
  artifactKey: Guid(f1f58802182b72e4db1164f6b91f3085) Importer(815301076,1909f56bfc062723c751e8b465ee728b)
Start importing Assets/workshop_assets/Trash Pack Low Poly/Materials/Trashcan2.mat using Guid(f1f58802182b72e4db1164f6b91f3085) Importer(815301076,1909f56bfc062723c751e8b465ee728b)  -> (artifact id: 'ca657d998c74b60ef7c56caa0ce8729d') in 0.103501 seconds
Number of updated asset objects reloaded before import = 0
Number of asset objects unloaded after import = 2
========================================================================
Received Import Request.
  Time since last request: 0.000018 seconds.
  path: Assets/workshop_assets/Trash Pack Low Poly/Materials/PaletteTrashcan4.mat
  artifactKey: Guid(b2c9a43d2ae589747b72baa7791fd59e) Importer(815301076,1909f56bfc062723c751e8b465ee728b)
Start importing Assets/workshop_assets/Trash Pack Low Poly/Materials/PaletteTrashcan4.mat using Guid(b2c9a43d2ae589747b72baa7791fd59e) Importer(815301076,1909f56bfc062723c751e8b465ee728b)  -> (artifact id: '339fa94a646bf69713f8d3dd006f660c') in 0.011548 seconds
Number of updated asset objects reloaded before import = 0
Number of asset objects unloaded after import = 2
========================================================================
Received Import Request.
  Time since last request: 0.000039 seconds.
  path: Assets/workshop_assets/Trash Pack Low Poly/Materials/PaletteBottles4.png
  artifactKey: Guid(2352fc412d3099e4b86b6cf7f0fb295a) Importer(815301076,1909f56bfc062723c751e8b465ee728b)
Start importing Assets/workshop_assets/Trash Pack Low Poly/Materials/PaletteBottles4.png using Guid(2352fc412d3099e4b86b6cf7f0fb295a) Importer(815301076,1909f56bfc062723c751e8b465ee728b)  -> (artifact id: '1c88685951948a5cd809757be3e4e26f') in 0.019201 seconds
Number of updated asset objects reloaded before import = 0
Number of asset objects unloaded after import = 2
========================================================================
Received Import Request.
  Time since last request: 0.000018 seconds.
  path: Assets/workshop_assets/Trash Pack Low Poly/Materials/Bottle3.mat
  artifactKey: Guid(4b43c0a95eea415438cffa2de5cc0499) Importer(815301076,1909f56bfc062723c751e8b465ee728b)
Start importing Assets/workshop_assets/Trash Pack Low Poly/Materials/Bottle3.mat using Guid(4b43c0a95eea415438cffa2de5cc0499) Importer(815301076,1909f56bfc062723c751e8b465ee728b)  -> (artifact id: 'bae0a2141f6608d709ab439d6c140122') in 0.011349 seconds
Number of updated asset objects reloaded before import = 0
Number of asset objects unloaded after import = 1
Editor requested this worker to shutdown with reason: Scaling down because of idle timeout
TcpMessagingSession - receive error: operation aborted. errorcode: 995, details: The I/O operation has been aborted because of either a thread exit or an application request.
AssetImportWorker is now disconnected from the server
Process exiting
Exiting without the bug reporter. Application will terminate with return code 0